#Empty space in a line is not supported, except comments like this line.
commandArgs(trailingOnly=FALSE)
detach(name,pos=2L,unload=FALSE,character.only=FALSE,force=FALSE)
length(x)
dev.off(which=dev.cur())
stop(...,call.=TRUE,domain=NULL)
lm(formula,data,subset,weights,na.action,method="qr",model=TRUE,x=FALSE,y=FALSE,qr=TRUE,singular.ok=TRUE,contrasts=NULL,offset,...)
library(package=packagename)
predict(object,...)
plot(x,y,...)
print(x,...)
anova(object,...)
read.table(file="enter-file-name-with-path",header=FALSE,sep="",quote="\"'",dec=".",numerals=c("allow.loss","warn.loss","no.loss"),row.names,col.names,as.is=!stringsAsFactors,na.strings="NA",colClasses=NA,nrows=-1,skip=0,check.names=TRUE,fill=!blank.lines.skip,strip.white=FALSE,blank.lines.skip=TRUE,comment.char="#",allowEscapes=FALSE,flush=FALSE,stringsAsFactors=default.stringsAsFactors(),fileEncoding="",encoding="unknown",text,skipNul=FALSE)
read.csv(file="enter-file-name-with-path",header=TRUE,sep=",",quote="\"",dec=".",fill=TRUE,comment.char="",...)
complete.cases(...)
dim(x)
attach(what,pos=2L,name=deparse(substitute(what)),warn.conflicts=TRUE)
as.numeric(x,...)
seq(from=1,to=1,by=((to-from)/(length.out-1)),length.out=NULL,along.with=NULL,...)
max(...,na.rm=FALSE)
min(...,na.rm=FALSE
data.frame(...,row.names=NULL,check.rows=FALSE,check.names=TRUE,stringsAsFactors=default.stringsAsFactors())
lines(x,...)
install.packages()
curve(expr,from=NULL,to=NULL,n=101,add=FALSE,type="l",xname="x",xlab=xname,ylab=NULL,log=NULL,xlim=NULL,...)
as.integer(x,...)
levels(x)
nlevels(x)
ceiling(x)
t.test(x,y=NULL,alternative=c("two.sided","less","greater"),mu=0,paired=FALSE,var.equal=FALSE,conf.level=0.95,...)
sqrt(x)
order(...,na.last=TRUE,decreasing=FALSE)
AIC(object,...,k=2)
summary(object,...)
str(object,...)
head(x,...)
png(filename="Rplot%03d.png",width=480,height=480,units="px",pointsize=12,bg="white",res=NA,family="",restoreConsole=TRUE,type=c("windows","cairo","cairo-png"),antialias)
tryCatch(expr,...,finally)
par(...,no.readonly=FALSE)
interaction.plot(x.factor,trace.factor,response,fun=mean,type=c("l","p","b","o","c"),legend=TRUE,trace.label=deparse(substitute(trace.factor)),fixed=FALSE,xlab=deparse(substitute(x.factor)),ylab=ylabel,ylim=range(cells,na.rm=TRUE),lty=nc:1,col=1,pch=c(1:9,0,letters),xpd=NULL,leg.bg=par("bg"),leg.bty="n",xtick=FALSE,xaxt=par("xaxt"),axes=TRUE,...)
qqnorm(y,ylim,main="NormalQ-QPlot",xlab="TheoreticalQuantiles",ylab="SampleQuantiles",plot.it=TRUE,datax=FALSE,...)
qqline(y,datax=FALSE,distribution=qnorm,probs=c(0.25,0.75),qtype=7,...)
TRUE
FALSE
if
else
for
while
in
break
continue
function
#BlueSky Functions
BSkyLoadRefreshDataframe(dframe=Enter-the-name-of-the-data-frame,load.dataframe=TRUE)
BSkyFormat(obj,decimalDigitsRounding=BSkyGetDecimalDigitSetting(),engNotationSetting=BSkyGetEngNotationSetting(),singleTableOutputHeader="")
BSkyloadDataset(fullpathfilename='full-path-filename-with-extension',filetype='SPSS',worksheetName='Existing-Sheetname-if-Loading-Excel-file',load.missing=FALSE,datasetName='any-dataset-name')
BSkysaveDataset(fullpathfilename='full-path-filename-with-extension',filetype='RDATA',newWorksheetName='Sheetname-if-filetype-parameter-is-XLXS',dataSetNameOrIndex='currently-active-datasetname')
BSkycloseDataset('datasetname')
BSkyVersion()
BSkyInstalledReqPkgVer()
utils:::menuInstallLocal()